<?xml version="1.0" encoding="UTF-8"?>
<robot generator="Robot 6.1.1 (Python 3.11.5 on win32)" generated="20231227 11:43:53.613" rpa="false" schemaversion="4">
<suite id="s1" name="Crm" source="C:\Projects\Robot\Robot practice\Tests\Crm.robot">
<test id="s1-t1" name="Should be able to add new customer" line="10">
<kw name="Set Selenium Speed" library="SeleniumLibrary">
<arg>.2s</arg>
<doc>Sets the delay that is waited after each Selenium command.</doc>
<status status="PASS" starttime="20231227 11:43:53.781" endtime="20231227 11:43:53.782"/>
</kw>
<kw name="Set Selenium Timeout" library="SeleniumLibrary">
<arg>5s</arg>
<doc>Sets the timeout that is used by various keywords.</doc>
<status status="PASS" starttime="20231227 11:43:53.782" endtime="20231227 11:43:53.782"/>
</kw>
<kw name="Log" library="BuiltIn">
<arg>Starting the test case</arg>
<doc>Logs the given message with the given level.</doc>
<msg timestamp="20231227 11:43:53.783" level="INFO">Starting the test case</msg>
<status status="PASS" starttime="20231227 11:43:53.782" endtime="20231227 11:43:53.783"/>
</kw>
<kw name="Open Browser" library="SeleniumLibrary">
<arg>https://automationplayground.com/crm/</arg>
<arg>chrome</arg>
<doc>Opens a new browser instance to the optional ``url``.</doc>
<msg timestamp="20231227 11:43:53.783" level="INFO">Opening browser 'chrome' to base url 'https://automationplayground.com/crm/'.</msg>
<status status="PASS" starttime="20231227 11:43:53.783" endtime="20231227 11:43:56.921"/>
</kw>
<kw name="Maximize Browser Window" library="SeleniumLibrary">
<doc>Maximizes current browser window.</doc>
<status status="PASS" starttime="20231227 11:43:56.923" endtime="20231227 11:43:57.259"/>
</kw>
<kw name="Page Should Contain" library="SeleniumLibrary">
<arg>Customers Are Priority One</arg>
<doc>Verifies that current page contains ``text``.</doc>
<msg timestamp="20231227 11:43:57.697" level="INFO">Current page contains text 'Customers Are Priority One'.</msg>
<status status="PASS" starttime="20231227 11:43:57.259" endtime="20231227 11:43:57.697"/>
</kw>
<kw name="Click Link" library="SeleniumLibrary">
<arg>Sign In</arg>
<doc>Clicks a link identified by ``locator``.</doc>
<msg timestamp="20231227 11:43:57.699" level="INFO">Clicking link 'Sign In'.</msg>
<status status="PASS" starttime="20231227 11:43:57.698" endtime="20231227 11:43:58.634"/>
</kw>
<kw name="Page Should Contain" library="SeleniumLibrary">
<arg>Login</arg>
<doc>Verifies that current page contains ``text``.</doc>
<msg timestamp="20231227 11:43:59.068" level="INFO">Current page contains text 'Login'.</msg>
<status status="PASS" starttime="20231227 11:43:58.635" endtime="20231227 11:43:59.068"/>
</kw>
<kw name="Input Text" library="SeleniumLibrary">
<arg>id=email-id</arg>
<arg>admin@robotframework.com</arg>
<doc>Types the given ``text`` into the text field identified by ``locator``.</doc>
<msg timestamp="20231227 11:43:59.070" level="INFO">Typing text 'admin@robotframework.com' into text field 'id=email-id'.</msg>
<status status="PASS" starttime="20231227 11:43:59.069" endtime="20231227 11:43:59.822"/>
</kw>
<kw name="Input Text" library="SeleniumLibrary">
<arg>id=password</arg>
<arg>qwerty</arg>
<doc>Types the given ``text`` into the text field identified by ``locator``.</doc>
<msg timestamp="20231227 11:43:59.824" level="INFO">Typing text 'qwerty' into text field 'id=password'.</msg>
<status status="PASS" starttime="20231227 11:43:59.824" endtime="20231227 11:44:00.537"/>
</kw>
<kw name="Click Button" library="SeleniumLibrary">
<arg>id=submit-id</arg>
<doc>Clicks the button identified by ``locator``.</doc>
<msg timestamp="20231227 11:44:00.539" level="INFO">Clicking button 'id=submit-id'.</msg>
<status status="PASS" starttime="20231227 11:44:00.538" endtime="20231227 11:44:01.778"/>
</kw>
<kw name="Page Should Contain" library="SeleniumLibrary">
<arg>Our Happy Customers</arg>
<doc>Verifies that current page contains ``text``.</doc>
<msg timestamp="20231227 11:44:02.219" level="INFO">Current page contains text 'Our Happy Customers'.</msg>
<status status="PASS" starttime="20231227 11:44:01.778" endtime="20231227 11:44:02.219"/>
</kw>
<kw name="Click Link" library="SeleniumLibrary">
<arg>id=new-customer</arg>
<doc>Clicks a link identified by ``locator``.</doc>
<msg timestamp="20231227 11:44:02.221" level="INFO">Clicking link 'id=new-customer'.</msg>
<status status="PASS" starttime="20231227 11:44:02.220" endtime="20231227 11:44:03.190"/>
</kw>
<kw name="Page Should Contain" library="SeleniumLibrary">
<arg>Add Customer</arg>
<doc>Verifies that current page contains ``text``.</doc>
<msg timestamp="20231227 11:44:03.626" level="INFO">Current page contains text 'Add Customer'.</msg>
<status status="PASS" starttime="20231227 11:44:03.190" endtime="20231227 11:44:03.626"/>
</kw>
<kw name="Input Text" library="SeleniumLibrary">
<arg>id=EmailAddress</arg>
<arg>janedoe@gmail.com</arg>
<doc>Types the given ``text`` into the text field identified by ``locator``.</doc>
<msg timestamp="20231227 11:44:03.627" level="INFO">Typing text 'janedoe@gmail.com' into text field 'id=EmailAddress'.</msg>
<status status="PASS" starttime="20231227 11:44:03.627" endtime="20231227 11:44:04.367"/>
</kw>
<kw name="Input Text" library="SeleniumLibrary">
<arg>id=FirstName</arg>
<arg>Jane</arg>
<doc>Types the given ``text`` into the text field identified by ``locator``.</doc>
<msg timestamp="20231227 11:44:04.368" level="INFO">Typing text 'Jane' into text field 'id=FirstName'.</msg>
<status status="PASS" starttime="20231227 11:44:04.367" endtime="20231227 11:44:05.113"/>
</kw>
<kw name="Input Text" library="SeleniumLibrary">
<arg>id=LastName</arg>
<arg>Doe</arg>
<doc>Types the given ``text`` into the text field identified by ``locator``.</doc>
<msg timestamp="20231227 11:44:05.115" level="INFO">Typing text 'Doe' into text field 'id=LastName'.</msg>
<status status="PASS" starttime="20231227 11:44:05.114" endtime="20231227 11:44:05.815"/>
</kw>
<kw name="Input Text" library="SeleniumLibrary">
<arg>id=City</arg>
<arg>Dallas</arg>
<doc>Types the given ``text`` into the text field identified by ``locator``.</doc>
<msg timestamp="20231227 11:44:05.818" level="INFO">Typing text 'Dallas' into text field 'id=City'.</msg>
<status status="PASS" starttime="20231227 11:44:05.817" endtime="20231227 11:44:06.560"/>
</kw>
<kw name="Select From List By Value" library="SeleniumLibrary">
<arg>id=StateOrRegion</arg>
<arg>TX</arg>
<doc>Selects options from selection list ``locator`` by ``values``.</doc>
<msg timestamp="20231227 11:44:06.562" level="INFO">Selecting options from selection list 'id=StateOrRegion' by value TX.</msg>
<status status="PASS" starttime="20231227 11:44:06.561" endtime="20231227 11:44:08.383"/>
</kw>
<kw name="Select Radio Button" library="SeleniumLibrary">
<arg>gender</arg>
<arg>female</arg>
<doc>Sets the radio button group ``group_name`` to ``value``.</doc>
<msg timestamp="20231227 11:44:08.384" level="INFO">Selecting 'female' from radio button 'gender'.</msg>
<status status="PASS" starttime="20231227 11:44:08.384" endtime="20231227 11:44:09.107"/>
</kw>
<kw name="Select Checkbox" library="SeleniumLibrary">
<arg>name=promos-name</arg>
<doc>Selects the checkbox identified by ``locator``.</doc>
<msg timestamp="20231227 11:44:09.109" level="INFO">Selecting checkbox 'name=promos-name'.</msg>
<status status="PASS" starttime="20231227 11:44:09.108" endtime="20231227 11:44:10.272"/>
</kw>
<kw name="Click Button" library="SeleniumLibrary">
<arg>css=.btn.btn-primary</arg>
<doc>Clicks the button identified by ``locator``.</doc>
<msg timestamp="20231227 11:44:10.274" level="INFO">Clicking button 'css=.btn.btn-primary'.</msg>
<status status="PASS" starttime="20231227 11:44:10.273" endtime="20231227 11:44:11.591"/>
</kw>
<kw name="Wait Until Page Contains" library="SeleniumLibrary">
<arg>Success! New customer added.</arg>
<doc>Waits until ``text`` appears on the current page.</doc>
<status status="PASS" starttime="20231227 11:44:11.593" endtime="20231227 11:44:11.824"/>
</kw>
<kw name="Sleep" library="BuiltIn">
<arg>2s</arg>
<doc>Pauses the test executed for the given time.</doc>
<msg timestamp="20231227 11:44:13.825" level="INFO">Slept 2 seconds</msg>
<status status="PASS" starttime="20231227 11:44:11.824" endtime="20231227 11:44:13.825"/>
</kw>
<kw name="Close Browser" library="SeleniumLibrary">
<doc>Closes the current browser.</doc>
<status status="PASS" starttime="20231227 11:44:13.826" endtime="20231227 11:44:16.114"/>
</kw>
<doc>This is the basic info about test</doc>
<tag>1006</tag>
<tag>Contacts</tag>
<tag>Smoke</tag>
<tag>Web</tag>
<status status="PASS" starttime="20231227 11:43:53.781" endtime="20231227 11:44:16.115"/>
</test>
<doc>This is some basic info about the whole suite</doc>
<status status="PASS" starttime="20231227 11:43:53.614" endtime="20231227 11:44:16.117"/>
</suite>
<statistics>
<total>
<stat pass="1" fail="0" skip="0">All Tests</stat>
</total>
<tag>
<stat pass="1" fail="0" skip="0">1006</stat>
<stat pass="1" fail="0" skip="0">Contacts</stat>
<stat pass="1" fail="0" skip="0">Smoke</stat>
<stat pass="1" fail="0" skip="0">Web</stat>
</tag>
<suite>
<stat pass="1" fail="0" skip="0" id="s1" name="Crm">Crm</stat>
</suite>
</statistics>
<errors>
</errors>
</robot>
