<?xml version="1.0" encoding="UTF-8"?>
<robot generator="Robot 6.1.1 (Python 3.11.5 on win32)" generated="20231120 11:18:30.111" rpa="false" schemaversion="4">
<suite id="s1" name="Crm" source="C:\Projects\Robot\Robot practice\Tests\Crm.robot">
<test id="s1-t1" name="Should be able to add a new customer" line="10">
<kw name="Set Selenium Speed" library="SeleniumLibrary">
<arg>.2s</arg>
<doc>Sets the delay that is waited after each Selenium command.</doc>
<status status="PASS" starttime="20231120 11:18:30.260" endtime="20231120 11:18:30.260"/>
</kw>
<kw name="Set Selenium Timeout" library="SeleniumLibrary">
<arg>5s</arg>
<doc>Sets the timeout that is used by various keywords.</doc>
<status status="PASS" starttime="20231120 11:18:30.260" endtime="20231120 11:18:30.260"/>
</kw>
<kw name="Log" library="BuiltIn">
<arg>Starting the test case</arg>
<doc>Logs the given message with the given level.</doc>
<msg timestamp="20231120 11:18:30.261" level="INFO">Starting the test case</msg>
<status status="PASS" starttime="20231120 11:18:30.261" endtime="20231120 11:18:30.261"/>
</kw>
<kw name="Open Browser" library="SeleniumLibrary">
<arg>https://automationplayground.com/crm/</arg>
<arg>chrome</arg>
<doc>Opens a new browser instance to the optional ``url``.</doc>
<msg timestamp="20231120 11:18:30.262" level="INFO">Opening browser 'chrome' to base url 'https://automationplayground.com/crm/'.</msg>
<msg timestamp="20231120 11:18:30.665" level="WARN">The chromedriver version (118.0.5993.70) detected in PATH at C:\bin\chromedriver.exe might not be compatible with the detected chrome version (119.0.6045.125); currently, chromedriver 119.0.6045.105 is recommended for chrome 119.*, so it is advised to delete the driver in PATH and retry</msg>
<status status="PASS" starttime="20231120 11:18:30.261" endtime="20231120 11:18:33.593"/>
</kw>
<kw name="Set Window Size" library="SeleniumLibrary">
<arg>width=1935</arg>
<arg>height=1098</arg>
<doc>Sets current windows size to given ``width`` and ``height``.</doc>
<status status="PASS" starttime="20231120 11:18:33.593" endtime="20231120 11:18:33.913"/>
</kw>
<kw name="Set Window Position" library="SeleniumLibrary">
<arg>x=-20</arg>
<arg>y=10</arg>
<doc>Sets window position using ``x`` and ``y`` coordinates.</doc>
<status status="PASS" starttime="20231120 11:18:33.914" endtime="20231120 11:18:34.240"/>
</kw>
<kw name="Sleep" library="BuiltIn">
<arg>3s</arg>
<doc>Pauses the test executed for the given time.</doc>
<msg timestamp="20231120 11:18:37.241" level="INFO">Slept 3 seconds</msg>
<status status="PASS" starttime="20231120 11:18:34.241" endtime="20231120 11:18:37.241"/>
</kw>
<kw name="Close Browser" library="SeleniumLibrary">
<doc>Closes the current browser.</doc>
<status status="PASS" starttime="20231120 11:18:37.242" endtime="20231120 11:18:39.535"/>
</kw>
<doc>This is the basic info about test</doc>
<tag>1006</tag>
<tag>Contacts</tag>
<tag>Smoke</tag>
<tag>Web</tag>
<status status="PASS" starttime="20231120 11:18:30.258" endtime="20231120 11:18:39.537"/>
</test>
<doc>This is some basic info about the whole suite</doc>
<status status="PASS" starttime="20231120 11:18:30.112" endtime="20231120 11:18:39.541"/>
</suite>
<statistics>
<total>
<stat pass="1" fail="0" skip="0">All Tests</stat>
</total>
<tag>
<stat pass="1" fail="0" skip="0">1006</stat>
<stat pass="1" fail="0" skip="0">Contacts</stat>
<stat pass="1" fail="0" skip="0">Smoke</stat>
<stat pass="1" fail="0" skip="0">Web</stat>
</tag>
<suite>
<stat pass="1" fail="0" skip="0" id="s1" name="Crm">Crm</stat>
</suite>
</statistics>
<errors>
<msg timestamp="20231120 11:18:30.665" level="WARN">The chromedriver version (118.0.5993.70) detected in PATH at C:\bin\chromedriver.exe might not be compatible with the detected chrome version (119.0.6045.125); currently, chromedriver 119.0.6045.105 is recommended for chrome 119.*, so it is advised to delete the driver in PATH and retry</msg>
</errors>
</robot>
